mode: atomic
github.com/nimahkh/persian_tools/tools/bills/bill.go:38.29,51.2 11 5
github.com/nimahkh/persian_tools/tools/bills/bill.go:53.48,57.17 4 5
github.com/nimahkh/persian_tools/tools/bills/bill.go:60.2,60.32 1 4
github.com/nimahkh/persian_tools/tools/bills/bill.go:57.17,59.3 1 1
github.com/nimahkh/persian_tools/tools/bills/bill.go:63.47,67.24 3 2
github.com/nimahkh/persian_tools/tools/bills/bill.go:71.2,80.40 7 2
github.com/nimahkh/persian_tools/tools/bills/bill.go:67.24,69.3 1 0
github.com/nimahkh/persian_tools/tools/bills/bill.go:83.47,87.2 3 2
github.com/nimahkh/persian_tools/tools/bills/bill.go:89.45,91.60 2 2
github.com/nimahkh/persian_tools/tools/bills/bill.go:95.2,100.15 4 2
github.com/nimahkh/persian_tools/tools/bills/bill.go:91.60,93.3 1 1
github.com/nimahkh/persian_tools/tools/bills/bill.go:103.32,106.32 3 2
github.com/nimahkh/persian_tools/tools/bills/bill.go:116.2,117.13 2 2
github.com/nimahkh/persian_tools/tools/bills/bill.go:122.2,122.12 1 2
github.com/nimahkh/persian_tools/tools/bills/bill.go:106.32,107.16 1 24
github.com/nimahkh/persian_tools/tools/bills/bill.go:111.3,114.9 4 24
github.com/nimahkh/persian_tools/tools/bills/bill.go:107.16,109.4 1 2
github.com/nimahkh/persian_tools/tools/bills/bill.go:117.13,119.3 1 0
github.com/nimahkh/persian_tools/tools/bills/bill.go:119.8,121.3 1 2
github.com/nimahkh/persian_tools/tools/bank/bank.go:16.36,23.2 3 3
github.com/nimahkh/persian_tools/tools/bank/bank.go:25.37,28.23 3 3
github.com/nimahkh/persian_tools/tools/bank/bank.go:31.2,31.18 1 2
github.com/nimahkh/persian_tools/tools/bank/bank.go:44.2,44.11 1 0
github.com/nimahkh/persian_tools/tools/bank/bank.go:28.23,30.3 1 1
github.com/nimahkh/persian_tools/tools/bank/bank.go:31.18,34.36 3 2
github.com/nimahkh/persian_tools/tools/bank/bank.go:40.3,40.26 1 2
github.com/nimahkh/persian_tools/tools/bank/bank.go:34.36,35.22 1 90
github.com/nimahkh/persian_tools/tools/bank/bank.go:35.22,37.5 1 2
github.com/nimahkh/persian_tools/tools/bank/bank.go:40.26,42.4 1 2
github.com/nimahkh/persian_tools/tools/bank/bank.go:47.37,53.45 5 6
github.com/nimahkh/persian_tools/tools/bank/bank.go:57.2,60.26 4 6
github.com/nimahkh/persian_tools/tools/bank/bank.go:73.2,73.20 1 6
github.com/nimahkh/persian_tools/tools/bank/bank.go:53.45,55.3 1 0
github.com/nimahkh/persian_tools/tools/bank/bank.go:60.26,62.15 2 96
github.com/nimahkh/persian_tools/tools/bank/bank.go:65.3,67.19 3 96
github.com/nimahkh/persian_tools/tools/bank/bank.go:62.15,64.4 1 48
github.com/nimahkh/persian_tools/tools/bank/bank.go:67.19,69.4 1 24
github.com/nimahkh/persian_tools/tools/bank/bank.go:69.9,71.4 1 72
github.com/nimahkh/persian_tools/tools/bank/banksCode.go:8.31,192.2 2 2
github.com/nimahkh/persian_tools/tools/digits/digitToWord.go:9.38,19.2 3 3
